<?xml version="1.0" encoding="UTF-8"?>
<!-- Generated by org.testng.reporters.JUnitReportReporter -->
<testsuite hostname="Swapnil-Damate-01081996" failures="0" tests="1" name="Blogspot.VolunteerSignUp.NewTest" time="0.053" errors="0" timestamp="2021-06-30T00:17:22 IST" skipped="0">
  <testcase classname="Blogspot.VolunteerSignUp.NewTest" name="f" time="0.053"/>
  <system-out/>
</testsuite> <!-- Blogspot.VolunteerSignUp.NewTest -->
