<?xml version="1.0" encoding="UTF-8"?>
<!-- Generated by org.testng.reporters.JUnitReportReporter -->
<testsuite hostname="Swapnil-Damate-01081996" failures="0" tests="6" name="keywordsInTestNG.InvocationKeywordTest" time="0.033" errors="0" timestamp="2021-07-01T17:50:57 IST" skipped="0">
  <testcase classname="keywordsInTestNG.InvocationKeywordTest" name="test3" time="0.002"/>
  <system-out/>
  <testcase classname="keywordsInTestNG.InvocationKeywordTest" name="test3" time="0.004"/>
  <system-out/>
  <testcase classname="keywordsInTestNG.InvocationKeywordTest" name="test1" time="0.020"/>
  <system-out/>
  <testcase classname="keywordsInTestNG.InvocationKeywordTest" name="test2" time="0.002"/>
  <system-out/>
  <testcase classname="keywordsInTestNG.InvocationKeywordTest" name="test3" time="0.002"/>
  <system-out/>
  <testcase classname="keywordsInTestNG.InvocationKeywordTest" name="test3" time="0.003"/>
  <system-out/>
</testsuite> <!-- keywordsInTestNG.InvocationKeywordTest -->
