<?xml version="1.0" encoding="UTF-8"?>
<!-- Generated by org.testng.reporters.JUnitReportReporter -->
<testsuite hostname="Swapnil-Damate-01081996" failures="0" tests="3" name="keywordsInTestNG.DependsOnMethod" time="0.034" errors="0" timestamp="2021-07-04T22:55:57 IST" skipped="0">
  <testcase classname="keywordsInTestNG.DependsOnMethod" name="f1" time="0.023"/>
  <system-out/>
  <testcase classname="keywordsInTestNG.DependsOnMethod" name="f2" time="0.004"/>
  <system-out/>
  <testcase classname="keywordsInTestNG.DependsOnMethod" name="f3" time="0.007"/>
  <system-out/>
</testsuite> <!-- keywordsInTestNG.DependsOnMethod -->
