<?xml version="1.0" encoding="UTF-8"?>
<!-- Generated by org.testng.reporters.JUnitReportReporter -->
<testsuite hostname="Swapnil-Damate-01081996" failures="0" tests="3" name="keywordsInTestNG.EnableFalseNewTest" time="0.014" errors="0" timestamp="2021-07-01T00:46:39 IST" skipped="1">
  <testcase classname="keywordsInTestNG.EnableFalseNewTest" name="test1" time="0.013"/>
  <system-out/>
  <testcase classname="keywordsInTestNG.EnableFalseNewTest" name="test3" time="0.001"/>
  <system-out/>
  <testcase classname="keywordsInTestNG.EnableFalseNewTest" name="test2">
    <skipped/>
  </testcase> <!-- test2 -->
  <system-out/>
</testsuite> <!-- keywordsInTestNG.EnableFalseNewTest -->
